commit ae23548f590d9877face038e5638354820607848
Author: Borja <9402801@alumnos.ufv.es>
Date:   Mon Dec 30 22:31:56 2024 +0100

    final changes

commit 2abc589a01a012f7aafb2a98b6bfa1c145c66f07
Author: Borja <9402801@alumnos.ufv.es>
Date:   Mon Dec 30 22:10:45 2024 +0100

    making sure everything is correctly updated

commit 74833359569bc2744bbe6d6d3f90eb03a16ec315
Author: Borja <9402801@alumnos.ufv.es>
Date:   Mon Dec 30 21:47:31 2024 +0100

    Adding pdf for links

commit 9af6a7cffd7635a8963e720711ee734b25c06427
Author: Borja <9402801@alumnos.ufv.es>
Date:   Mon Dec 30 20:24:55 2024 +0100

    Creating offtopic web

commit 8200ff8e2e9dd49a852f08b2a359f0bf4f7ee271
Author: Borja <9402801@alumnos.ufv.es>
Date:   Mon Dec 30 13:06:28 2024 +0100

    Adding net webpage to my practical work

commit 2afd5c60ca67843ae77f5ddbd4168aa518f0367e
Author: Borja <9402801@alumnos.ufv.es>
Date:   Mon Dec 30 12:46:40 2024 +0100

    Creating contact webpage

commit 9fa3e42a0766bb4aacd0fc7c4a0accc5fae3b9de
Author: Borja <9402801@alumnos.ufv.es>
Date:   Mon Dec 30 12:31:11 2024 +0100

    Creating webpage fot about me section

commit acedb27e7637caa3c78b5ce10d0c77396199dcc9
Author: Borja <9402801@alumnos.ufv.es>
Date:   Mon Dec 30 11:42:41 2024 +0100

    Creating course 5 webpage

commit ad28b486074fbbd0dfcba883d191c0877eab22ea
Author: Borja <9402801@alumnos.ufv.es>
Date:   Mon Dec 30 11:35:45 2024 +0100

    Creating course 4 webpage

commit 7d89ea4bc60f6da8feceaf5985e6560c4bedf6dd
Author: Borja <9402801@alumnos.ufv.es>
Date:   Mon Dec 30 11:23:00 2024 +0100

    creating course 3 webpage

commit 539f5da74544d26c8da3deda06291bf04b148fd9
Author: Borja <9402801@alumnos.ufv.es>
Date:   Mon Dec 30 11:08:15 2024 +0100

    Creating webpage or course 2

commit 4c00f9bcf026cd1404e48789e7495087c17517dd
Author: Borja <9402801@alumnos.ufv.es>
Date:   Mon Dec 30 10:01:39 2024 +0100

    Creating webpage for fundamentals of informatic

commit f79f79fa7b6353d5c412fdfb7a3c22332255579a
Author: Borja <9402801@alumnos.ufv.es>
Date:   Sun Dec 29 15:18:52 2024 +0100

    Adding webpage of the first course

commit 469fcbc79e8d540d47128cd4126cb81a2ea78565
Author: Borja <9402801@alumnos.ufv.es>
Date:   Sat Dec 28 16:50:31 2024 +0100

    Adding index.html and other required files

commit 8196a4c7f8f3fa382b493f20b7403f735240fe27
Author: diexor2006 <9402801@alumnos.ufv.es>
Date:   Sat Dec 28 16:37:09 2024 +0100

    Initial commit
